\BOOKMARK [1][-]{Doc-Start}{Inhaltsverzeichnis}{}% 1
\BOOKMARK [1][-]{section.I}{Installation}{}% 2
\BOOKMARK [2][-]{subsection.I.1}{TeX Live}{section.I}% 3
\BOOKMARK [2][-]{subsection.I.2}{TexStudio}{section.I}% 4
\BOOKMARK [2][-]{subsection.I.3}{Gnuplot}{section.I}% 5
\BOOKMARK [2][-]{subsection.I.4}{Citavi}{section.I}% 6
\BOOKMARK [1][-]{section.II}{Flie\337text}{}% 7
\BOOKMARK [2][-]{subsection.II.1}{Gliederung}{section.II}% 8
\BOOKMARK [2][-]{subsection.II.2}{Schrift}{section.II}% 9
\BOOKMARK [2][-]{subsection.II.3}{Abs\344tze}{section.II}% 10
\BOOKMARK [2][-]{subsection.II.4}{Hervorhebung}{section.II}% 11
\BOOKMARK [2][-]{subsection.II.5}{Sonderzeichen}{section.II}% 12
\BOOKMARK [2][-]{subsection.II.6}{Modularisierung}{section.II}% 13
\BOOKMARK [1][-]{section.III}{Objekte}{}% 14
\BOOKMARK [2][-]{subsection.III.1}{Auflistung}{section.III}% 15
\BOOKMARK [2][-]{subsection.III.2}{Referenzen}{section.III}% 16
\BOOKMARK [2][-]{subsection.III.3}{Fussnoten}{section.III}% 17
\BOOKMARK [2][-]{subsection.III.4}{Bilder}{section.III}% 18
\BOOKMARK [2][-]{subsection.III.5}{Tabellen}{section.III}% 19
\BOOKMARK [2][-]{subsection.III.6}{Pseudocode und Quelltext}{section.III}% 20
\BOOKMARK [2][-]{subsection.III.7}{Diagramme}{section.III}% 21
\BOOKMARK [2][-]{subsection.III.8}{Formeln}{section.III}% 22
\BOOKMARK [2][-]{subsection.III.9}{Quellen}{section.III}% 23
\BOOKMARK [2][-]{subsection.III.10}{Abk\374rzungen}{section.III}% 24
\BOOKMARK [2][-]{subsection.III.11}{Verzeichnisse}{section.III}% 25
\BOOKMARK [1][-]{section.IV}{Einleitung}{}% 26
\BOOKMARK [2][-]{subsection.IV.1}{Rahmen}{section.IV}% 27
\BOOKMARK [2][-]{subsection.IV.2}{Voraussetzungen}{section.IV}% 28
\BOOKMARK [2][-]{subsection.IV.3}{Aufbau der Arbeit}{section.IV}% 29
\BOOKMARK [1][-]{section.V}{Theorieteil}{}% 30
\BOOKMARK [1][-]{section.VI}{Praxisteil}{}% 31
\BOOKMARK [2][-]{subsection.VI.1}{Beschreibung der Fallstudie}{section.VI}% 32
\BOOKMARK [2][-]{subsection.VI.2}{Inhaltliche Beschreibung}{section.VI}% 33
\BOOKMARK [1][-]{section.VII}{Ergebnisse}{}% 34
\BOOKMARK [1][-]{section*.7}{Verzeichnisse}{}% 35
\BOOKMARK [1][-]{section.IX}{Literaturverzeichnis}{}% 36
\BOOKMARK [1][-]{section.X}{Abbildungsverzeichnis}{}% 37
\BOOKMARK [1][-]{section.XI}{Tabellenverzeichnis}{}% 38
\BOOKMARK [1][-]{section.XII}{Abk\374rzungsverzeichnis}{}% 39
\BOOKMARK [1][-]{section*.9}{Anhang}{}% 40
\BOOKMARK [1][-]{appendix.A}{GUI}{}% 41
\BOOKMARK [1][-]{appendix.B}{Screenshot}{}% 42
